<?xml version="1.0" encoding="UTF-8"?>
<!-- Generated by org.testng.reporters.JUnitReportReporter -->
<testsuite hostname="Alis-MacBook-Pro.local" failures="0" tests="1" name="cucumberOptions.TestRunner" time="28.803" errors="0" timestamp="2021-01-12T02:48:47 CET" skipped="0">
  <testcase classname="cucumberOptions.TestRunner" name="feature" time="28.803"/>
  <system-out/>
</testsuite> <!-- cucumberOptions.TestRunner -->
