<?xml version="1.0" encoding="UTF-8"?>
<!-- Generated by org.testng.reporters.JUnitReportReporter -->
<testsuite hostname="Alis-MacBook-Pro.local" failures="0" tests="1" name="cucumberOptions.TestRunner" time="30.267" errors="0" timestamp="12 Jan 2021 01:49:35 GMT">
  <testcase classname="cucumberOptions.TestRunner" name="feature" time="30.267"/>
</testsuite> <!-- cucumberOptions.TestRunner -->
